#! /usr/local/bin/vvp
:ivl_version "12.0 (stable)";
:ivl_delay_selection "TYPICAL";
:vpi_time_precision - 12;
:vpi_module "/usr/local/lib/ivl/system.vpi";
:vpi_module "/usr/local/lib/ivl/vhdl_sys.vpi";
:vpi_module "/usr/local/lib/ivl/vhdl_textio.vpi";
:vpi_module "/usr/local/lib/ivl/v2005_math.vpi";
:vpi_module "/usr/local/lib/ivl/va_math.vpi";
S_0x595976e6ea70 .scope module, "Adder1bit_tb" "Adder1bit_tb" 2 2;
 .timescale -9 -12;
v0x595976e86920_0 .var "A", 0 0;
v0x595976e869e0_0 .var "B", 0 0;
v0x595976e86a80_0 .var "Cin", 0 0;
v0x595976e86b80_0 .net "Cout", 0 0, L_0x595976e871a0;  1 drivers
v0x595976e86c50_0 .net "S", 0 0, L_0x595976e86e30;  1 drivers
S_0x595976e6ec00 .scope module, "uut" "Adder1bit" 2 14, 3 1 0, S_0x595976e6ea70;
 .timescale 0 0;
    .port_info 0 /INPUT 1 "A";
    .port_info 1 /INPUT 1 "B";
    .port_info 2 /INPUT 1 "Cin";
    .port_info 3 /OUTPUT 1 "S";
    .port_info 4 /OUTPUT 1 "Cout";
L_0x595976e86cf0 .functor XOR 1, v0x595976e86920_0, v0x595976e869e0_0, C4<0>, C4<0>;
L_0x595976e86e30 .functor XOR 1, L_0x595976e86cf0, v0x595976e86a80_0, C4<0>, C4<0>;
L_0x595976e86f90 .functor AND 1, v0x595976e86920_0, v0x595976e869e0_0, C4<1>, C4<1>;
L_0x595976e87000 .functor XOR 1, v0x595976e86920_0, v0x595976e869e0_0, C4<0>, C4<0>;
L_0x595976e87130 .functor AND 1, L_0x595976e87000, v0x595976e86a80_0, C4<1>, C4<1>;
L_0x595976e871a0 .functor OR 1, L_0x595976e86f90, L_0x595976e87130, C4<0>, C4<0>;
v0x595976e350f0_0 .net "A", 0 0, v0x595976e86920_0;  1 drivers
v0x595976e861d0_0 .net "B", 0 0, v0x595976e869e0_0;  1 drivers
v0x595976e86290_0 .net "Cin", 0 0, v0x595976e86a80_0;  1 drivers
v0x595976e86330_0 .net "Cout", 0 0, L_0x595976e871a0;  alias, 1 drivers
v0x595976e863f0_0 .net "S", 0 0, L_0x595976e86e30;  alias, 1 drivers
v0x595976e86500_0 .net *"_ivl_0", 0 0, L_0x595976e86cf0;  1 drivers
v0x595976e865e0_0 .net *"_ivl_4", 0 0, L_0x595976e86f90;  1 drivers
v0x595976e866c0_0 .net *"_ivl_6", 0 0, L_0x595976e87000;  1 drivers
v0x595976e867a0_0 .net *"_ivl_8", 0 0, L_0x595976e87130;  1 drivers
    .scope S_0x595976e6ea70;
T_0 ;
    %vpi_call 2 18 "$dumpfile", "Adder1bit_tb_test.vcd" {0 0 0};
    %vpi_call 2 19 "$dumpvars", 32'sb00000000000000000000000000000000, S_0x595976e6ea70 {0 0 0};
    %pushi/vec4 0, 0, 1;
    %store/vec4 v0x595976e86920_0, 0, 1;
    %pushi/vec4 0, 0, 1;
    %store/vec4 v0x595976e869e0_0, 0, 1;
    %pushi/vec4 0, 0, 1;
    %store/vec4 v0x595976e86a80_0, 0, 1;
    %delay 20000, 0;
    %pushi/vec4 0, 0, 1;
    %store/vec4 v0x595976e86920_0, 0, 1;
    %pushi/vec4 0, 0, 1;
    %store/vec4 v0x595976e869e0_0, 0, 1;
    %pushi/vec4 1, 0, 1;
    %store/vec4 v0x595976e86a80_0, 0, 1;
    %delay 20000, 0;
    %pushi/vec4 0, 0, 1;
    %store/vec4 v0x595976e86920_0, 0, 1;
    %pushi/vec4 1, 0, 1;
    %store/vec4 v0x595976e869e0_0, 0, 1;
    %pushi/vec4 0, 0, 1;
    %store/vec4 v0x595976e86a80_0, 0, 1;
    %delay 20000, 0;
    %pushi/vec4 0, 0, 1;
    %store/vec4 v0x595976e86920_0, 0, 1;
    %pushi/vec4 1, 0, 1;
    %store/vec4 v0x595976e869e0_0, 0, 1;
    %pushi/vec4 1, 0, 1;
    %store/vec4 v0x595976e86a80_0, 0, 1;
    %delay 20000, 0;
    %pushi/vec4 1, 0, 1;
    %store/vec4 v0x595976e86920_0, 0, 1;
    %pushi/vec4 0, 0, 1;
    %store/vec4 v0x595976e869e0_0, 0, 1;
    %pushi/vec4 0, 0, 1;
    %store/vec4 v0x595976e86a80_0, 0, 1;
    %delay 20000, 0;
    %pushi/vec4 1, 0, 1;
    %store/vec4 v0x595976e86920_0, 0, 1;
    %pushi/vec4 0, 0, 1;
    %store/vec4 v0x595976e869e0_0, 0, 1;
    %pushi/vec4 1, 0, 1;
    %store/vec4 v0x595976e86a80_0, 0, 1;
    %delay 20000, 0;
    %pushi/vec4 1, 0, 1;
    %store/vec4 v0x595976e86920_0, 0, 1;
    %pushi/vec4 1, 0, 1;
    %store/vec4 v0x595976e869e0_0, 0, 1;
    %pushi/vec4 0, 0, 1;
    %store/vec4 v0x595976e86a80_0, 0, 1;
    %delay 20000, 0;
    %pushi/vec4 1, 0, 1;
    %store/vec4 v0x595976e86920_0, 0, 1;
    %pushi/vec4 1, 0, 1;
    %store/vec4 v0x595976e869e0_0, 0, 1;
    %pushi/vec4 1, 0, 1;
    %store/vec4 v0x595976e86a80_0, 0, 1;
    %delay 20000, 0;
    %vpi_call 2 63 "$finish" {0 0 0};
    %end;
    .thread T_0;
    .scope S_0x595976e6ea70;
T_1 ;
    %vpi_call 2 67 "$monitor", "A=%b,B=%b,Cin=%b,S=%b,Cout=%b\012", v0x595976e86920_0, v0x595976e869e0_0, v0x595976e86a80_0, v0x595976e86c50_0, v0x595976e86b80_0 {0 0 0};
    %end;
    .thread T_1;
# The file index is used to find the file name in the following table.
:file_names 4;
    "N/A";
    "<interactive>";
    "Adder1bit_tb.v";
    "Adder1bit.v";
