#! /usr/local/bin/vvp
:ivl_version "12.0 (stable)";
:ivl_delay_selection "TYPICAL";
:vpi_time_precision - 12;
:vpi_module "/usr/local/lib/ivl/system.vpi";
:vpi_module "/usr/local/lib/ivl/vhdl_sys.vpi";
:vpi_module "/usr/local/lib/ivl/vhdl_textio.vpi";
:vpi_module "/usr/local/lib/ivl/v2005_math.vpi";
:vpi_module "/usr/local/lib/ivl/va_math.vpi";
S_0x5eed45408a70 .scope module, "Adder1bit_tb" "Adder1bit_tb" 2 2;
 .timescale -9 -12;
v0x5eed454205e0_0 .var "A", 0 0;
v0x5eed454206a0_0 .var "B", 0 0;
v0x5eed45420740_0 .var "Cin", 0 0;
v0x5eed45420840_0 .net "Cout", 0 0, L_0x5eed45420e60;  1 drivers
v0x5eed45420910_0 .net "S", 0 0, L_0x5eed45420af0;  1 drivers
S_0x5eed45408c00 .scope module, "uut" "Adder1bit" 2 14, 3 1 0, S_0x5eed45408a70;
 .timescale 0 0;
    .port_info 0 /INPUT 1 "A";
    .port_info 1 /INPUT 1 "B";
    .port_info 2 /INPUT 1 "Cin";
    .port_info 3 /OUTPUT 1 "S";
    .port_info 4 /OUTPUT 1 "Cout";
L_0x5eed454209b0 .functor XOR 1, v0x5eed454205e0_0, v0x5eed454206a0_0, C4<0>, C4<0>;
L_0x5eed45420af0 .functor XOR 1, L_0x5eed454209b0, v0x5eed45420740_0, C4<0>, C4<0>;
L_0x5eed45420c50 .functor AND 1, v0x5eed454205e0_0, v0x5eed454206a0_0, C4<1>, C4<1>;
L_0x5eed45420cc0 .functor XOR 1, v0x5eed454205e0_0, v0x5eed454206a0_0, C4<0>, C4<0>;
L_0x5eed45420df0 .functor AND 1, L_0x5eed45420cc0, v0x5eed45420740_0, C4<1>, C4<1>;
L_0x5eed45420e60 .functor OR 1, L_0x5eed45420c50, L_0x5eed45420df0, C4<0>, C4<0>;
v0x5eed453cf0f0_0 .net "A", 0 0, v0x5eed454205e0_0;  1 drivers
v0x5eed4541fe90_0 .net "B", 0 0, v0x5eed454206a0_0;  1 drivers
v0x5eed4541ff50_0 .net "Cin", 0 0, v0x5eed45420740_0;  1 drivers
v0x5eed4541fff0_0 .net "Cout", 0 0, L_0x5eed45420e60;  alias, 1 drivers
v0x5eed454200b0_0 .net "S", 0 0, L_0x5eed45420af0;  alias, 1 drivers
v0x5eed454201c0_0 .net *"_ivl_0", 0 0, L_0x5eed454209b0;  1 drivers
v0x5eed454202a0_0 .net *"_ivl_4", 0 0, L_0x5eed45420c50;  1 drivers
v0x5eed45420380_0 .net *"_ivl_6", 0 0, L_0x5eed45420cc0;  1 drivers
v0x5eed45420460_0 .net *"_ivl_8", 0 0, L_0x5eed45420df0;  1 drivers
    .scope S_0x5eed45408a70;
T_0 ;
    %vpi_call 2 18 "$dumpfile", "Adder1bit_tb_test.vcd" {0 0 0};
    %vpi_call 2 19 "$dumpvars", 32'sb00000000000000000000000000000000, S_0x5eed45408a70 {0 0 0};
    %pushi/vec4 0, 0, 1;
    %store/vec4 v0x5eed454205e0_0, 0, 1;
    %pushi/vec4 0, 0, 1;
    %store/vec4 v0x5eed454206a0_0, 0, 1;
    %pushi/vec4 0, 0, 1;
    %store/vec4 v0x5eed45420740_0, 0, 1;
    %delay 20000, 0;
    %pushi/vec4 0, 0, 1;
    %store/vec4 v0x5eed454205e0_0, 0, 1;
    %pushi/vec4 0, 0, 1;
    %store/vec4 v0x5eed454206a0_0, 0, 1;
    %pushi/vec4 1, 0, 1;
    %store/vec4 v0x5eed45420740_0, 0, 1;
    %delay 20000, 0;
    %pushi/vec4 0, 0, 1;
    %store/vec4 v0x5eed454205e0_0, 0, 1;
    %pushi/vec4 1, 0, 1;
    %store/vec4 v0x5eed454206a0_0, 0, 1;
    %pushi/vec4 0, 0, 1;
    %store/vec4 v0x5eed45420740_0, 0, 1;
    %delay 20000, 0;
    %pushi/vec4 0, 0, 1;
    %store/vec4 v0x5eed454205e0_0, 0, 1;
    %pushi/vec4 1, 0, 1;
    %store/vec4 v0x5eed454206a0_0, 0, 1;
    %pushi/vec4 1, 0, 1;
    %store/vec4 v0x5eed45420740_0, 0, 1;
    %delay 20000, 0;
    %pushi/vec4 1, 0, 1;
    %store/vec4 v0x5eed454205e0_0, 0, 1;
    %pushi/vec4 0, 0, 1;
    %store/vec4 v0x5eed454206a0_0, 0, 1;
    %pushi/vec4 0, 0, 1;
    %store/vec4 v0x5eed45420740_0, 0, 1;
    %delay 20000, 0;
    %pushi/vec4 1, 0, 1;
    %store/vec4 v0x5eed454205e0_0, 0, 1;
    %pushi/vec4 0, 0, 1;
    %store/vec4 v0x5eed454206a0_0, 0, 1;
    %pushi/vec4 1, 0, 1;
    %store/vec4 v0x5eed45420740_0, 0, 1;
    %delay 20000, 0;
    %pushi/vec4 1, 0, 1;
    %store/vec4 v0x5eed454205e0_0, 0, 1;
    %pushi/vec4 1, 0, 1;
    %store/vec4 v0x5eed454206a0_0, 0, 1;
    %pushi/vec4 0, 0, 1;
    %store/vec4 v0x5eed45420740_0, 0, 1;
    %delay 20000, 0;
    %pushi/vec4 1, 0, 1;
    %store/vec4 v0x5eed454205e0_0, 0, 1;
    %pushi/vec4 1, 0, 1;
    %store/vec4 v0x5eed454206a0_0, 0, 1;
    %pushi/vec4 1, 0, 1;
    %store/vec4 v0x5eed45420740_0, 0, 1;
    %delay 20000, 0;
    %vpi_call 2 63 "$finish" {0 0 0};
    %end;
    .thread T_0;
    .scope S_0x5eed45408a70;
T_1 ;
    %vpi_call 2 67 "$monitor", "A=%b, B=%b, Cin=%b, S=%b, Cout=%b\012", v0x5eed454205e0_0, v0x5eed454206a0_0, v0x5eed45420740_0, v0x5eed45420910_0, v0x5eed45420840_0 {0 0 0};
    %end;
    .thread T_1;
# The file index is used to find the file name in the following table.
:file_names 4;
    "N/A";
    "<interactive>";
    "Adder1bit_tb.v";
    "Adder1bit.v";
