INFO:  latexindent version 3.23.3, 2023-10-13, a script to indent .tex files
       latexindent lives here: /usr/local/texlive/2023/texmf-dist/scripts/latexindent/
       Sun Jan 14 15:42:59 2024
       Filename: /home/shohag/Documents/LABs/CSE-2200/LabFinal/LF_2003028_Q1/__latexindent_temp_LE1_2003028_Q1.tex
INFO:  Processing switches:
       -y|--yaml: YAML settings specified via command line
       -c|--cruft: cruft directory
INFO:  Directory for backup files and /home/shohag/Documents/LABs/CSE-2200/EvaluationOne/LE1_2003028_Q3a//indent.log:
       /home/shohag/Documents/LABs/CSE-2200/EvaluationOne/LE1_2003028_Q3a/
INFO:  YAML settings read: defaultSettings.yaml
       Reading defaultSettings.yaml from /usr/local/texlive/2023/texmf-dist/scripts/latexindent/defaultSettings.yaml
INFO:  YAML reading settings
       Home directory is /home/shohag
       latexindent.pl didn't find indentconfig.yaml or .indentconfig.yaml
       see all possible locations: https://latexindentpl.readthedocs.io/en/latest/sec-appendices.html#indentconfig-options)
INFO:  YAML settings read: -y switch
       YAML setting: defaultIndent:'    '
       single-quoted string found in -y switch: '    ', substitute to     
       Updating mainSettings with defaultIndent:     
INFO:  Phase 1: searching for objects
INFO:  Phase 2: finding surrounding indentation
INFO:  Phase 3: indenting objects
INFO:  Phase 4: final indentation check
INFO:  Output routine:
       Not outputting to file; see -w and -o switches for more options.
       --------------
INFO:  Please direct all communication/issues to:
        https://github.com/cmhughes/latexindent.pl
