#! /usr/local/bin/vvp
:ivl_version "12.0 (stable)";
:ivl_delay_selection "TYPICAL";
:vpi_time_precision + 0;
:vpi_module "/usr/local/lib/ivl/system.vpi";
:vpi_module "/usr/local/lib/ivl/vhdl_sys.vpi";
:vpi_module "/usr/local/lib/ivl/vhdl_textio.vpi";
:vpi_module "/usr/local/lib/ivl/v2005_math.vpi";
:vpi_module "/usr/local/lib/ivl/va_math.vpi";
S_0x587130045190 .scope module, "HalfAdder" "HalfAdder" 2 1;
 .timescale 0 0;
    .port_info 0 /INPUT 1 "A";
    .port_info 1 /INPUT 1 "B";
    .port_info 2 /OUTPUT 1 "S";
    .port_info 3 /OUTPUT 1 "C";
o0x7de1f1eb0018 .functor BUFZ 1, C4<z>; HiZ drive
o0x7de1f1eb0048 .functor BUFZ 1, C4<z>; HiZ drive
L_0x58713008be80 .functor AND 1, o0x7de1f1eb0018, o0x7de1f1eb0048, C4<1>, C4<1>;
L_0x58713008bf70 .functor XOR 1, o0x7de1f1eb0018, o0x7de1f1eb0048, C4<0>, C4<0>;
v0x587130046ff0_0 .net "A", 0 0, o0x7de1f1eb0018;  0 drivers
v0x58713008bb80_0 .net "B", 0 0, o0x7de1f1eb0048;  0 drivers
v0x58713008bc40_0 .net "C", 0 0, L_0x58713008be80;  1 drivers
v0x58713008bd10_0 .net "S", 0 0, L_0x58713008bf70;  1 drivers
# The file index is used to find the file name in the following table.
:file_names 3;
    "N/A";
    "<interactive>";
    "halfAdder.v";
